<?xml version="1.0" encoding="UTF-8"?>
<testsuite xmlns:xsi="http://www.w3.org/2001/XMLSchema-instance" xsi:noNamespaceSchemaLocation="https://maven.apache.org/surefire/maven-surefire-plugin/xsd/surefire-test-report-3.0.xsd" version="3.0" name="com.yupi.usercenter.UserCenterApplicationTests" time="0.03" tests="1" errors="0" skipped="0" failures="0">
  <properties>
[...]
</properties>
  <testcase name="contextLoads" classname="com.yupi.usercenter.UserCenterApplicationTests" time="0.006">
    <system-out><![CDATA[2024-05-07T17:58:38.435+08:00  INFO 8416 --- [user-center] [           main] t.c.s.AnnotationConfigContextLoaderUtils : Could not detect default configuration classes for test class [com.yupi.usercenter.UserCenterApplicationTests]: UserCenterApplicationTests does not declare any static, non-private, non-final, nested classes annotated with @Configuration.
2024-05-07T17:58:38.445+08:00  INFO 8416 --- [user-center] [           main] .b.t.c.SpringBootTestContextBootstrapper : Found @SpringBootConfiguration com.yupi.usercenter.UserCenterApplication for test class com.yupi.usercenter.UserCenterApplicationTests
]]></system-out>
  </testcase>
</testsuite>