-------------------------------------------------------------------------------
Test set: com.yupi.usercenter.service.UserServiceTest
-------------------------------------------------------------------------------
Tests run: 2, Failures: 0, Errors: 1, Skipped: 0, Time elapsed: 4.838 s <<< FAILURE! -- in com.yupi.usercenter.service.UserServiceTest
com.yupi.usercenter.service.UserServiceTest.userRegister -- Time elapsed: 1.852 s <<< ERROR!
com.yupi.usercenter.exception.BusinessException: 请求参数错误
	at com.yupi.usercenter.service.impl.UserServiceImpl.userRegister(UserServiceImpl.java:73)
	at java.base/jdk.internal.reflect.NativeMethodAccessorImpl.invoke0(Native Method)
	at java.base/jdk.internal.reflect.NativeMethodAccessorImpl.invoke(NativeMethodAccessorImpl.java:77)
	at java.base/jdk.internal.reflect.DelegatingMethodAccessorImpl.invoke(DelegatingMethodAccessorImpl.java:43)
	at java.base/java.lang.reflect.Method.invoke(Method.java:568)
	at org.springframework.aop.support.AopUtils.invokeJoinpointUsingReflection(AopUtils.java:354)
	at org.springframework.aop.framework.CglibAopProxy$DynamicAdvisedInterceptor.intercept(CglibAopProxy.java:716)
	at com.yupi.usercenter.service.impl.UserServiceImpl$$SpringCGLIB$$0.userRegister(<generated>)
	at com.yupi.usercenter.service.UserServiceTest.userRegister(UserServiceTest.java:29)
	at java.base/java.lang.reflect.Method.invoke(Method.java:568)
	at java.base/java.util.ArrayList.forEach(ArrayList.java:1511)
	at java.base/java.util.ArrayList.forEach(ArrayList.java:1511)

